<?xml version="1.0" encoding="UTF-8"?>
<testsuite name="TestFunctionsOnBasic" tests="16" skipped="0" failures="0" errors="0" timestamp="2020-10-19T00:04:55" hostname="DESKTOP-VMP4M3O" time="0.165">
  <properties/>
  <testcase name="test132()" classname="TestFunctionsOnBasic" time="0.022"/>
  <testcase name="testOnMinus45()" classname="TestFunctionsOnBasic" time="0.009"/>
  <testcase name="testOnMinus90()" classname="TestFunctionsOnBasic" time="0.009"/>
  <testcase name="test0132()" classname="TestFunctionsOnBasic" time="0.004"/>
  <testcase name="test0897()" classname="TestFunctionsOnBasic" time="0.003"/>
  <testcase name="test1032()" classname="TestFunctionsOnBasic" time="0.005"/>
  <testcase name="test04()" classname="TestFunctionsOnBasic" time="0.003"/>
  <testcase name="test05()" classname="TestFunctionsOnBasic" time="0.008"/>
  <testcase name="test15()" classname="TestFunctionsOnBasic" time="0.012"/>
  <testcase name="test20()" classname="TestFunctionsOnBasic" time="0.002"/>
  <testcase name="test50()" classname="TestFunctionsOnBasic" time="0.002"/>
  <testcase name="testOnMinus125()" classname="TestFunctionsOnBasic" time="0.002"/>
  <testcase name="testOnMinus225()" classname="TestFunctionsOnBasic" time="0.003"/>
  <testcase name="testOnMinus315()" classname="TestFunctionsOnBasic" time="0.008"/>
  <testcase name="testOnMinus360()" classname="TestFunctionsOnBasic" time="0.015"/>
  <testcase name="testOnMinus0()" classname="TestFunctionsOnBasic" time="0.003"/>
  <system-out><![CDATA[]]></system-out>
  <system-err><![CDATA[]]></system-err>
</testsuite>
