<?xml version="1.0" encoding="UTF-8"?>
<testsuite name="OpenHashTest" tests="8" skipped="0" failures="0" errors="0" timestamp="2020-10-09T13:05:21" hostname="DESKTOP-VMP4M3O" time="0.29">
  <properties/>
  <testcase name="testAddDifferentString" classname="OpenHashTest" time="0.119"/>
  <testcase name="testAddThenDeleteString" classname="OpenHashTest" time="0.002"/>
  <testcase name="testAddDifferentInteger" classname="OpenHashTest" time="0.019"/>
  <testcase name="testAddSameString" classname="OpenHashTest" time="0.015"/>
  <testcase name="testAddAndDelete" classname="OpenHashTest" time="0.001"/>
  <testcase name="testAddSameInteger" classname="OpenHashTest" time="0.024"/>
  <testcase name="testAddIntegerThenString" classname="OpenHashTest" time="0.0"/>
  <testcase name="testDelete" classname="OpenHashTest" time="0.098"/>
  <system-out><![CDATA[]]></system-out>
  <system-err><![CDATA[]]></system-err>
</testsuite>
