<?xml version="1.0" encoding="UTF-8"?>
<testsuite name="SinFuncTest" tests="7" skipped="0" failures="0" errors="0" timestamp="2020-09-29T13:06:49" hostname="DESKTOP-VMP4M3O" time="0.038">
  <properties/>
  <testcase name="testSin0degree" classname="SinFuncTest" time="0.004"/>
  <testcase name="testSinNegative" classname="SinFuncTest" time="0.002"/>
  <testcase name="testSinMediumLimit" classname="SinFuncTest" time="0.003"/>
  <testcase name="testSinSmallerLimit" classname="SinFuncTest" time="0.001"/>
  <testcase name="testSin90degree" classname="SinFuncTest" time="0.004"/>
  <testcase name="testSin45degree" classname="SinFuncTest" time="0.012"/>
  <testcase name="testSin180degree" classname="SinFuncTest" time="0.004"/>
  <system-out><![CDATA[0.7071067811865475
]]></system-out>
  <system-err><![CDATA[]]></system-err>
</testsuite>
