<?xml version="1.0" encoding="UTF-8"?>
<testsuite name="DomainTest" tests="11" skipped="0" failures="0" errors="0" timestamp="2020-09-21T13:48:15" hostname="DESKTOP-VMP4M3O" time="0.031">
  <properties/>
  <testcase name="testNamePeople" classname="DomainTest" time="0.002"/>
  <testcase name="testCreateSpace" classname="DomainTest" time="0.005"/>
  <testcase name="testNameChangedPeople" classname="DomainTest" time="0.001"/>
  <testcase name="testAddMotorToSpaceShip" classname="DomainTest" time="0.013"/>
  <testcase name="testSoundWhistle" classname="DomainTest" time="0.002"/>
  <testcase name="testAddSmallPeopletoSpaceShip" classname="DomainTest" time="0.0"/>
  <testcase name="testAddManyPeopleToOldSpaceShip" classname="DomainTest" time="0.0"/>
  <testcase name="testAddManyPeopleToNewSpaceShip" classname="DomainTest" time="0.001"/>
  <testcase name="testAddPeopleToSpace" classname="DomainTest" time="0.0"/>
  <testcase name="testMotorWhirring" classname="DomainTest" time="0.0"/>
  <testcase name="testNameMotor" classname="DomainTest" time="0.0"/>
  <system-out><![CDATA[]]></system-out>
  <system-err><![CDATA[]]></system-err>
</testsuite>
